<html>
<head>
<title>TestNG:  Test</title>
<link href="../testng.css" rel="stylesheet" type="text/css" />
<link href="../my-testng.css" rel="stylesheet" type="text/css" />

<style type="text/css">
.log { display: none;} 
.stack-trace { display: none;} 
</style>
<script type="text/javascript">
<!--
function flip(e) {
  current = e.style.display;
  if (current == 'block') {
    e.style.display = 'none';
    return 0;
  }
  else {
    e.style.display = 'block';
    return 1;
  }
}

function toggleBox(szDivId, elem, msg1, msg2)
{
  var res = -1;  if (document.getElementById) {
    res = flip(document.getElementById(szDivId));
  }
  else if (document.all) {
    // this is the way old msie versions work
    res = flip(document.all[szDivId]);
  }
  if(elem) {
    if(res == 0) elem.innerHTML = msg1; else elem.innerHTML = msg2;
  }

}

function toggleAllBoxes() {
  if (document.getElementsByTagName) {
    d = document.getElementsByTagName('div');
    for (i = 0; i < d.length; i++) {
      if (d[i].className == 'log') {
        flip(d[i]);
      }
    }
  }
}

// -->
</script>

</head>
<body>
<h2 align='center'>Test</h2><table border='1' align="center">
<tr>
<td>Tests passed/Failed/Skipped:</td><td>0/0/2</td>
</tr><tr>
<td>Started on:</td><td>Sat Jan 18 11:22:03 IST 2025</td>
</tr>
<tr><td>Total time:</td><td>0 seconds (703 ms)</td>
</tr><tr>
<td>Included groups:</td><td></td>
</tr><tr>
<td>Excluded groups:</td><td></td>
</tr>
</table><p/>
<small><i>(Hover the method name to see the test class name)</i></small><p/>
<table width='100%' border='1' class='invocation-failed'>
<tr><td colspan='4' align='center'><b>FAILED CONFIGURATIONS</b></td></tr>
<tr><td><b>Test method</b></td>
<td><b>Attribute(s)</b></td>
<td width="30%"><b>Exception</b></td>
<td width="10%"><b>Time (seconds)</b></td>
<td><b>Instance</b></td>
</tr>
<tr>
<td title='testCases.TC002_LoginTest.setup()'><b>setup</b><br>Test class: testCases.TC002_LoginTest<br>Parameters: Mac, Chrome</td>
<td><div><pre>org.openqa.selenium.SessionNotCreatedException: Could not start a new session. Unable to parse remote response: &lt;!DOCTYPE html&gt;
&lt;html lang=&quot;en&quot;&gt;

&lt;head&gt;
  &lt;meta charset=&quot;utf-8&quot;/&gt;
  &lt;link href=&quot;favicon.svg&quot; rel=&quot;icon&quot; type=&quot;image/svg&quot;&gt;
  &lt;meta content=&quot;width=device-width, initial-scale=1&quot; name=&quot;viewport&quot;/&gt;
  &lt;link href=&quot;logo192.png&quot; rel=&quot;apple-touch-icon&quot;/&gt;
  &lt;link href=&quot;manifest.json&quot; rel=&quot;manifest&quot;/&gt;
  &lt;title&gt;Selenium Grid&lt;/title&gt;
&lt;/head&gt;

&lt;body&gt;
  &lt;noscript&gt;You need to enable JavaScript to run this app.&lt;/noscript&gt;
  &lt;div id=&quot;root&quot;&gt;&lt;/div&gt;
  &lt;script src=&quot;index.js&quot;&gt;&lt;/script&gt;
&lt;/body&gt;

&lt;/html&gt;
 
Host info: host: &apos;Users-MacBook-Pro.local&apos;, ip: &apos;2401:4900:8819:1075:b9a1:83b3:3fa0:bda4%en0&apos;
	at org.openqa.selenium.remote.ProtocolHandshake.createSession(ProtocolHandshake.java:100)
	at org.openqa.selenium.remote.ProtocolHandshake.createSession(ProtocolHandshake.java:75)
	at org.openqa.selenium.remote.ProtocolHandshake.createSession(ProtocolHandshake.java:61)
	at org.openqa.selenium.remote.HttpCommandExecutor.execute(HttpCommandExecutor.java:162)
	at org.openqa.selenium.remote.TracedCommandExecutor.execute(TracedCommandExecutor.java:53)
	at org.openqa.selenium.remote.RemoteWebDriver.execute(RemoteWebDriver.java:545)
	at org.openqa.selenium.remote.RemoteWebDriver.startSession(RemoteWebDriver.java:245)
	at org.openqa.selenium.remote.RemoteWebDriver.&lt;init&gt;(RemoteWebDriver.java:174)
	at org.openqa.selenium.remote.RemoteWebDriver.&lt;init&gt;(RemoteWebDriver.java:152)
	at testBase.BaseClass.setup(BaseClass.java:72)
	at java.base/java.util.ArrayList.forEach(ArrayList.java:1596)
Caused by: org.openqa.selenium.json.JsonException: Unable to parse: &lt;!DOCTYPE html&gt;
&lt;html lang=&quot;en&quot;&gt;

&lt;head&gt;
  &lt;meta charset=&quot;utf-8&quot;/&gt;
  &lt;link href=&quot;favicon.svg&quot; rel=&quot;icon&quot; type=&quot;image/svg&quot;&gt;
  &lt;meta content=&quot;width=device-width, initial-scale=1&quot; name=&quot;viewport&quot;/&gt;
  &lt;link href=&quot;logo192.png&quot; rel=&quot;apple-touch-icon&quot;/&gt;
  &lt;link href=&quot;manifest.json&quot; rel=&quot;manifest&quot;/&gt;
  &lt;title&gt;Selenium Grid&lt;/title&gt;
&lt;/head&gt;

&lt;body&gt;
  &lt;noscript&gt;You need to enable JavaScript to run this app.&lt;/noscript&gt;
  &lt;div id=&quot;root&quot;&gt;&lt;/div&gt;
  &lt;script src=&quot;index.js&quot;&gt;&lt;/script&gt;
&lt;/body&gt;

&lt;/html&gt;

	at org.openqa.selenium.json.Json.toType(Json.java:169)
	at org.openqa.selenium.json.Json.toType(Json.java:152)
	at org.openqa.selenium.remote.ProtocolHandshake.createSession(ProtocolHandshake.java:96)
	... 33 more
Caused by: org.openqa.selenium.json.JsonException: Unable to determine type from: &lt;. Last 1 characters read: &lt;, next 128 characters to read: !DOCTYPE html&gt;
&lt;html lang=&quot;en&quot;&gt;

&lt;head&gt;
  &lt;meta charset=&quot;utf-8&quot;/&gt;
  &lt;link href=&quot;favicon.svg&quot; rel=&quot;icon&quot; type=&quot;image/svg&quot;&gt;
  &lt;met
Build info: version: &apos;4.27.0&apos;, revision: &apos;d6e718d134&apos;
System info: os.name: &apos;Mac OS X&apos;, os.arch: &apos;x86_64&apos;, os.version: &apos;15.1.1&apos;, java.version: &apos;21.0.5&apos;
Driver info: driver.version: RemoteWebDriver
	at org.openqa.selenium.json.JsonInput.peek(JsonInput.java:166)
	at org.openqa.selenium.json.JsonTypeCoercer.lambda$buildCoercer$6(JsonTypeCoercer.java:167)
	at org.openqa.selenium.json.JsonTypeCoercer.coerce(JsonTypeCoercer.java:146)
	at org.openqa.selenium.json.Json.toType(Json.java:206)
	at org.openqa.selenium.json.Json.toType(Json.java:167)
	... 35 more
... Removed 23 stack frames</pre></div><a href='#' onClick='toggleBox("stack-trace1912172027", this, "Click to show all stack frames", "Click to hide stack frames")'>Click to show all stack frames</a>
<div class='stack-trace' id='stack-trace1912172027'><pre>org.openqa.selenium.SessionNotCreatedException: Could not start a new session. Unable to parse remote response: &lt;!DOCTYPE html&gt;
&lt;html lang=&quot;en&quot;&gt;

&lt;head&gt;
  &lt;meta charset=&quot;utf-8&quot;/&gt;
  &lt;link href=&quot;favicon.svg&quot; rel=&quot;icon&quot; type=&quot;image/svg&quot;&gt;
  &lt;meta content=&quot;width=device-width, initial-scale=1&quot; name=&quot;viewport&quot;/&gt;
  &lt;link href=&quot;logo192.png&quot; rel=&quot;apple-touch-icon&quot;/&gt;
  &lt;link href=&quot;manifest.json&quot; rel=&quot;manifest&quot;/&gt;
  &lt;title&gt;Selenium Grid&lt;/title&gt;
&lt;/head&gt;

&lt;body&gt;
  &lt;noscript&gt;You need to enable JavaScript to run this app.&lt;/noscript&gt;
  &lt;div id=&quot;root&quot;&gt;&lt;/div&gt;
  &lt;script src=&quot;index.js&quot;&gt;&lt;/script&gt;
&lt;/body&gt;

&lt;/html&gt;
 
Host info: host: &apos;Users-MacBook-Pro.local&apos;, ip: &apos;2401:4900:8819:1075:b9a1:83b3:3fa0:bda4%en0&apos;
	at org.openqa.selenium.remote.ProtocolHandshake.createSession(ProtocolHandshake.java:100)
	at org.openqa.selenium.remote.ProtocolHandshake.createSession(ProtocolHandshake.java:75)
	at org.openqa.selenium.remote.ProtocolHandshake.createSession(ProtocolHandshake.java:61)
	at org.openqa.selenium.remote.HttpCommandExecutor.execute(HttpCommandExecutor.java:162)
	at org.openqa.selenium.remote.TracedCommandExecutor.execute(TracedCommandExecutor.java:53)
	at org.openqa.selenium.remote.RemoteWebDriver.execute(RemoteWebDriver.java:545)
	at org.openqa.selenium.remote.RemoteWebDriver.startSession(RemoteWebDriver.java:245)
	at org.openqa.selenium.remote.RemoteWebDriver.&lt;init&gt;(RemoteWebDriver.java:174)
	at org.openqa.selenium.remote.RemoteWebDriver.&lt;init&gt;(RemoteWebDriver.java:152)
	at testBase.BaseClass.setup(BaseClass.java:72)
	at java.base/jdk.internal.reflect.DirectMethodHandleAccessor.invoke(DirectMethodHandleAccessor.java:103)
	at java.base/java.lang.reflect.Method.invoke(Method.java:580)
	at org.testng.internal.invokers.MethodInvocationHelper.invokeMethod(MethodInvocationHelper.java:141)
	at org.testng.internal.invokers.MethodInvocationHelper.invokeMethodConsideringTimeout(MethodInvocationHelper.java:71)
	at org.testng.internal.invokers.ConfigInvoker.invokeConfigurationMethod(ConfigInvoker.java:400)
	at org.testng.internal.invokers.ConfigInvoker.invokeConfigurations(ConfigInvoker.java:333)
	at org.testng.internal.invokers.TestMethodWorker.invokeBeforeClassMethods(TestMethodWorker.java:188)
	at org.testng.internal.invokers.TestMethodWorker.run(TestMethodWorker.java:128)
	at java.base/java.util.ArrayList.forEach(ArrayList.java:1596)
	at org.testng.TestRunner.privateRun(TestRunner.java:739)
	at org.testng.TestRunner.run(TestRunner.java:614)
	at org.testng.SuiteRunner.runTest(SuiteRunner.java:421)
	at org.testng.SuiteRunner.runSequentially(SuiteRunner.java:413)
	at org.testng.SuiteRunner.privateRun(SuiteRunner.java:373)
	at org.testng.SuiteRunner.run(SuiteRunner.java:312)
	at org.testng.SuiteRunnerWorker.runSuite(SuiteRunnerWorker.java:52)
	at org.testng.SuiteRunnerWorker.run(SuiteRunnerWorker.java:95)
	at org.testng.TestNG.runSuitesSequentially(TestNG.java:1274)
	at org.testng.TestNG.runSuitesLocally(TestNG.java:1208)
	at org.testng.TestNG.runSuites(TestNG.java:1112)
	at org.testng.TestNG.run(TestNG.java:1079)
	at org.testng.remote.AbstractRemoteTestNG.run(AbstractRemoteTestNG.java:115)
	at org.testng.remote.RemoteTestNG.initAndRun(RemoteTestNG.java:293)
	at org.testng.remote.RemoteTestNG.main(RemoteTestNG.java:91)
Caused by: org.openqa.selenium.json.JsonException: Unable to parse: &lt;!DOCTYPE html&gt;
&lt;html lang=&quot;en&quot;&gt;

&lt;head&gt;
  &lt;meta charset=&quot;utf-8&quot;/&gt;
  &lt;link href=&quot;favicon.svg&quot; rel=&quot;icon&quot; type=&quot;image/svg&quot;&gt;
  &lt;meta content=&quot;width=device-width, initial-scale=1&quot; name=&quot;viewport&quot;/&gt;
  &lt;link href=&quot;logo192.png&quot; rel=&quot;apple-touch-icon&quot;/&gt;
  &lt;link href=&quot;manifest.json&quot; rel=&quot;manifest&quot;/&gt;
  &lt;title&gt;Selenium Grid&lt;/title&gt;
&lt;/head&gt;

&lt;body&gt;
  &lt;noscript&gt;You need to enable JavaScript to run this app.&lt;/noscript&gt;
  &lt;div id=&quot;root&quot;&gt;&lt;/div&gt;
  &lt;script src=&quot;index.js&quot;&gt;&lt;/script&gt;
&lt;/body&gt;

&lt;/html&gt;

	at org.openqa.selenium.json.Json.toType(Json.java:169)
	at org.openqa.selenium.json.Json.toType(Json.java:152)
	at org.openqa.selenium.remote.ProtocolHandshake.createSession(ProtocolHandshake.java:96)
	... 33 more
Caused by: org.openqa.selenium.json.JsonException: Unable to determine type from: &lt;. Last 1 characters read: &lt;, next 128 characters to read: !DOCTYPE html&gt;
&lt;html lang=&quot;en&quot;&gt;

&lt;head&gt;
  &lt;meta charset=&quot;utf-8&quot;/&gt;
  &lt;link href=&quot;favicon.svg&quot; rel=&quot;icon&quot; type=&quot;image/svg&quot;&gt;
  &lt;met
Build info: version: &apos;4.27.0&apos;, revision: &apos;d6e718d134&apos;
System info: os.name: &apos;Mac OS X&apos;, os.arch: &apos;x86_64&apos;, os.version: &apos;15.1.1&apos;, java.version: &apos;21.0.5&apos;
Driver info: driver.version: RemoteWebDriver
	at org.openqa.selenium.json.JsonInput.peek(JsonInput.java:166)
	at org.openqa.selenium.json.JsonTypeCoercer.lambda$buildCoercer$6(JsonTypeCoercer.java:167)
	at org.openqa.selenium.json.JsonTypeCoercer.coerce(JsonTypeCoercer.java:146)
	at org.openqa.selenium.json.Json.toType(Json.java:206)
	at org.openqa.selenium.json.Json.toType(Json.java:167)
	... 35 more
</pre></div></td>
<td>0</td>
<td>testCases.TC002_LoginTest@38f116f6</td></tr>
<tr>
<td title='testCases.TC001_AccountRegistrationTest.setup()'><b>setup</b><br>Test class: testCases.TC001_AccountRegistrationTest<br>Parameters: Mac, Chrome</td>
<td><div><pre>org.openqa.selenium.SessionNotCreatedException: Could not start a new session. Unable to parse remote response: &lt;!DOCTYPE html&gt;
&lt;html lang=&quot;en&quot;&gt;

&lt;head&gt;
  &lt;meta charset=&quot;utf-8&quot;/&gt;
  &lt;link href=&quot;favicon.svg&quot; rel=&quot;icon&quot; type=&quot;image/svg&quot;&gt;
  &lt;meta content=&quot;width=device-width, initial-scale=1&quot; name=&quot;viewport&quot;/&gt;
  &lt;link href=&quot;logo192.png&quot; rel=&quot;apple-touch-icon&quot;/&gt;
  &lt;link href=&quot;manifest.json&quot; rel=&quot;manifest&quot;/&gt;
  &lt;title&gt;Selenium Grid&lt;/title&gt;
&lt;/head&gt;

&lt;body&gt;
  &lt;noscript&gt;You need to enable JavaScript to run this app.&lt;/noscript&gt;
  &lt;div id=&quot;root&quot;&gt;&lt;/div&gt;
  &lt;script src=&quot;index.js&quot;&gt;&lt;/script&gt;
&lt;/body&gt;

&lt;/html&gt;
 
Host info: host: &apos;Users-MacBook-Pro.local&apos;, ip: &apos;2401:4900:8819:1075:b9a1:83b3:3fa0:bda4%en0&apos;
	at org.openqa.selenium.remote.ProtocolHandshake.createSession(ProtocolHandshake.java:100)
	at org.openqa.selenium.remote.ProtocolHandshake.createSession(ProtocolHandshake.java:75)
	at org.openqa.selenium.remote.ProtocolHandshake.createSession(ProtocolHandshake.java:61)
	at org.openqa.selenium.remote.HttpCommandExecutor.execute(HttpCommandExecutor.java:162)
	at org.openqa.selenium.remote.TracedCommandExecutor.execute(TracedCommandExecutor.java:53)
	at org.openqa.selenium.remote.RemoteWebDriver.execute(RemoteWebDriver.java:545)
	at org.openqa.selenium.remote.RemoteWebDriver.startSession(RemoteWebDriver.java:245)
	at org.openqa.selenium.remote.RemoteWebDriver.&lt;init&gt;(RemoteWebDriver.java:174)
	at org.openqa.selenium.remote.RemoteWebDriver.&lt;init&gt;(RemoteWebDriver.java:152)
	at testBase.BaseClass.setup(BaseClass.java:72)
	at java.base/java.util.ArrayList.forEach(ArrayList.java:1596)
Caused by: org.openqa.selenium.json.JsonException: Unable to parse: &lt;!DOCTYPE html&gt;
&lt;html lang=&quot;en&quot;&gt;

&lt;head&gt;
  &lt;meta charset=&quot;utf-8&quot;/&gt;
  &lt;link href=&quot;favicon.svg&quot; rel=&quot;icon&quot; type=&quot;image/svg&quot;&gt;
  &lt;meta content=&quot;width=device-width, initial-scale=1&quot; name=&quot;viewport&quot;/&gt;
  &lt;link href=&quot;logo192.png&quot; rel=&quot;apple-touch-icon&quot;/&gt;
  &lt;link href=&quot;manifest.json&quot; rel=&quot;manifest&quot;/&gt;
  &lt;title&gt;Selenium Grid&lt;/title&gt;
&lt;/head&gt;

&lt;body&gt;
  &lt;noscript&gt;You need to enable JavaScript to run this app.&lt;/noscript&gt;
  &lt;div id=&quot;root&quot;&gt;&lt;/div&gt;
  &lt;script src=&quot;index.js&quot;&gt;&lt;/script&gt;
&lt;/body&gt;

&lt;/html&gt;

	at org.openqa.selenium.json.Json.toType(Json.java:169)
	at org.openqa.selenium.json.Json.toType(Json.java:152)
	at org.openqa.selenium.remote.ProtocolHandshake.createSession(ProtocolHandshake.java:96)
	... 33 more
Caused by: org.openqa.selenium.json.JsonException: Unable to determine type from: &lt;. Last 1 characters read: &lt;, next 128 characters to read: !DOCTYPE html&gt;
&lt;html lang=&quot;en&quot;&gt;

&lt;head&gt;
  &lt;meta charset=&quot;utf-8&quot;/&gt;
  &lt;link href=&quot;favicon.svg&quot; rel=&quot;icon&quot; type=&quot;image/svg&quot;&gt;
  &lt;met
Build info: version: &apos;4.27.0&apos;, revision: &apos;d6e718d134&apos;
System info: os.name: &apos;Mac OS X&apos;, os.arch: &apos;x86_64&apos;, os.version: &apos;15.1.1&apos;, java.version: &apos;21.0.5&apos;
Driver info: driver.version: RemoteWebDriver
	at org.openqa.selenium.json.JsonInput.peek(JsonInput.java:166)
	at org.openqa.selenium.json.JsonTypeCoercer.lambda$buildCoercer$6(JsonTypeCoercer.java:167)
	at org.openqa.selenium.json.JsonTypeCoercer.coerce(JsonTypeCoercer.java:146)
	at org.openqa.selenium.json.Json.toType(Json.java:206)
	at org.openqa.selenium.json.Json.toType(Json.java:167)
	... 35 more
... Removed 23 stack frames</pre></div><a href='#' onClick='toggleBox("stack-trace936906727", this, "Click to show all stack frames", "Click to hide stack frames")'>Click to show all stack frames</a>
<div class='stack-trace' id='stack-trace936906727'><pre>org.openqa.selenium.SessionNotCreatedException: Could not start a new session. Unable to parse remote response: &lt;!DOCTYPE html&gt;
&lt;html lang=&quot;en&quot;&gt;

&lt;head&gt;
  &lt;meta charset=&quot;utf-8&quot;/&gt;
  &lt;link href=&quot;favicon.svg&quot; rel=&quot;icon&quot; type=&quot;image/svg&quot;&gt;
  &lt;meta content=&quot;width=device-width, initial-scale=1&quot; name=&quot;viewport&quot;/&gt;
  &lt;link href=&quot;logo192.png&quot; rel=&quot;apple-touch-icon&quot;/&gt;
  &lt;link href=&quot;manifest.json&quot; rel=&quot;manifest&quot;/&gt;
  &lt;title&gt;Selenium Grid&lt;/title&gt;
&lt;/head&gt;

&lt;body&gt;
  &lt;noscript&gt;You need to enable JavaScript to run this app.&lt;/noscript&gt;
  &lt;div id=&quot;root&quot;&gt;&lt;/div&gt;
  &lt;script src=&quot;index.js&quot;&gt;&lt;/script&gt;
&lt;/body&gt;

&lt;/html&gt;
 
Host info: host: &apos;Users-MacBook-Pro.local&apos;, ip: &apos;2401:4900:8819:1075:b9a1:83b3:3fa0:bda4%en0&apos;
	at org.openqa.selenium.remote.ProtocolHandshake.createSession(ProtocolHandshake.java:100)
	at org.openqa.selenium.remote.ProtocolHandshake.createSession(ProtocolHandshake.java:75)
	at org.openqa.selenium.remote.ProtocolHandshake.createSession(ProtocolHandshake.java:61)
	at org.openqa.selenium.remote.HttpCommandExecutor.execute(HttpCommandExecutor.java:162)
	at org.openqa.selenium.remote.TracedCommandExecutor.execute(TracedCommandExecutor.java:53)
	at org.openqa.selenium.remote.RemoteWebDriver.execute(RemoteWebDriver.java:545)
	at org.openqa.selenium.remote.RemoteWebDriver.startSession(RemoteWebDriver.java:245)
	at org.openqa.selenium.remote.RemoteWebDriver.&lt;init&gt;(RemoteWebDriver.java:174)
	at org.openqa.selenium.remote.RemoteWebDriver.&lt;init&gt;(RemoteWebDriver.java:152)
	at testBase.BaseClass.setup(BaseClass.java:72)
	at java.base/jdk.internal.reflect.DirectMethodHandleAccessor.invoke(DirectMethodHandleAccessor.java:103)
	at java.base/java.lang.reflect.Method.invoke(Method.java:580)
	at org.testng.internal.invokers.MethodInvocationHelper.invokeMethod(MethodInvocationHelper.java:141)
	at org.testng.internal.invokers.MethodInvocationHelper.invokeMethodConsideringTimeout(MethodInvocationHelper.java:71)
	at org.testng.internal.invokers.ConfigInvoker.invokeConfigurationMethod(ConfigInvoker.java:400)
	at org.testng.internal.invokers.ConfigInvoker.invokeConfigurations(ConfigInvoker.java:333)
	at org.testng.internal.invokers.TestMethodWorker.invokeBeforeClassMethods(TestMethodWorker.java:188)
	at org.testng.internal.invokers.TestMethodWorker.run(TestMethodWorker.java:128)
	at java.base/java.util.ArrayList.forEach(ArrayList.java:1596)
	at org.testng.TestRunner.privateRun(TestRunner.java:739)
	at org.testng.TestRunner.run(TestRunner.java:614)
	at org.testng.SuiteRunner.runTest(SuiteRunner.java:421)
	at org.testng.SuiteRunner.runSequentially(SuiteRunner.java:413)
	at org.testng.SuiteRunner.privateRun(SuiteRunner.java:373)
	at org.testng.SuiteRunner.run(SuiteRunner.java:312)
	at org.testng.SuiteRunnerWorker.runSuite(SuiteRunnerWorker.java:52)
	at org.testng.SuiteRunnerWorker.run(SuiteRunnerWorker.java:95)
	at org.testng.TestNG.runSuitesSequentially(TestNG.java:1274)
	at org.testng.TestNG.runSuitesLocally(TestNG.java:1208)
	at org.testng.TestNG.runSuites(TestNG.java:1112)
	at org.testng.TestNG.run(TestNG.java:1079)
	at org.testng.remote.AbstractRemoteTestNG.run(AbstractRemoteTestNG.java:115)
	at org.testng.remote.RemoteTestNG.initAndRun(RemoteTestNG.java:293)
	at org.testng.remote.RemoteTestNG.main(RemoteTestNG.java:91)
Caused by: org.openqa.selenium.json.JsonException: Unable to parse: &lt;!DOCTYPE html&gt;
&lt;html lang=&quot;en&quot;&gt;

&lt;head&gt;
  &lt;meta charset=&quot;utf-8&quot;/&gt;
  &lt;link href=&quot;favicon.svg&quot; rel=&quot;icon&quot; type=&quot;image/svg&quot;&gt;
  &lt;meta content=&quot;width=device-width, initial-scale=1&quot; name=&quot;viewport&quot;/&gt;
  &lt;link href=&quot;logo192.png&quot; rel=&quot;apple-touch-icon&quot;/&gt;
  &lt;link href=&quot;manifest.json&quot; rel=&quot;manifest&quot;/&gt;
  &lt;title&gt;Selenium Grid&lt;/title&gt;
&lt;/head&gt;

&lt;body&gt;
  &lt;noscript&gt;You need to enable JavaScript to run this app.&lt;/noscript&gt;
  &lt;div id=&quot;root&quot;&gt;&lt;/div&gt;
  &lt;script src=&quot;index.js&quot;&gt;&lt;/script&gt;
&lt;/body&gt;

&lt;/html&gt;

	at org.openqa.selenium.json.Json.toType(Json.java:169)
	at org.openqa.selenium.json.Json.toType(Json.java:152)
	at org.openqa.selenium.remote.ProtocolHandshake.createSession(ProtocolHandshake.java:96)
	... 33 more
Caused by: org.openqa.selenium.json.JsonException: Unable to determine type from: &lt;. Last 1 characters read: &lt;, next 128 characters to read: !DOCTYPE html&gt;
&lt;html lang=&quot;en&quot;&gt;

&lt;head&gt;
  &lt;meta charset=&quot;utf-8&quot;/&gt;
  &lt;link href=&quot;favicon.svg&quot; rel=&quot;icon&quot; type=&quot;image/svg&quot;&gt;
  &lt;met
Build info: version: &apos;4.27.0&apos;, revision: &apos;d6e718d134&apos;
System info: os.name: &apos;Mac OS X&apos;, os.arch: &apos;x86_64&apos;, os.version: &apos;15.1.1&apos;, java.version: &apos;21.0.5&apos;
Driver info: driver.version: RemoteWebDriver
	at org.openqa.selenium.json.JsonInput.peek(JsonInput.java:166)
	at org.openqa.selenium.json.JsonTypeCoercer.lambda$buildCoercer$6(JsonTypeCoercer.java:167)
	at org.openqa.selenium.json.JsonTypeCoercer.coerce(JsonTypeCoercer.java:146)
	at org.openqa.selenium.json.Json.toType(Json.java:206)
	at org.openqa.selenium.json.Json.toType(Json.java:167)
	... 35 more
</pre></div></td>
<td>0</td>
<td>testCases.TC001_AccountRegistrationTest@47a5b70d</td></tr>
</table><p>
<table width='100%' border='1' class='invocation-skipped'>
<tr><td colspan='4' align='center'><b>SKIPPED CONFIGURATIONS</b></td></tr>
<tr><td><b>Test method</b></td>
<td><b>Attribute(s)</b></td>
<td width="30%"><b>Exception</b></td>
<td width="10%"><b>Time (seconds)</b></td>
<td><b>Instance</b></td>
</tr>
<tr>
<td title='testCases.TC002_LoginTest.tearDown()'><b>tearDown</b><br>Test class: testCases.TC002_LoginTest</td>
<td></td>
<td>0</td>
<td>testCases.TC002_LoginTest@38f116f6</td></tr>
<tr>
<td title='testCases.TC001_AccountRegistrationTest.tearDown()'><b>tearDown</b><br>Test class: testCases.TC001_AccountRegistrationTest</td>
<td></td>
<td>0</td>
<td>testCases.TC001_AccountRegistrationTest@47a5b70d</td></tr>
</table><p>
<table width='100%' border='1' class='invocation-skipped'>
<tr><td colspan='4' align='center'><b>SKIPPED TESTS</b></td></tr>
<tr><td><b>Test method</b></td>
<td><b>Attribute(s)</b></td>
<td width="30%"><b>Exception</b></td>
<td width="10%"><b>Time (seconds)</b></td>
<td><b>Instance</b></td>
</tr>
<tr>
<td title='testCases.TC001_AccountRegistrationTest.verify_account_registration()'><b>verify_account_registration</b><br>Test class: testCases.TC001_AccountRegistrationTest</td>
<td><div><pre>org.openqa.selenium.SessionNotCreatedException: Could not start a new session. Unable to parse remote response: &lt;!DOCTYPE html&gt;
&lt;html lang=&quot;en&quot;&gt;

&lt;head&gt;
  &lt;meta charset=&quot;utf-8&quot;/&gt;
  &lt;link href=&quot;favicon.svg&quot; rel=&quot;icon&quot; type=&quot;image/svg&quot;&gt;
  &lt;meta content=&quot;width=device-width, initial-scale=1&quot; name=&quot;viewport&quot;/&gt;
  &lt;link href=&quot;logo192.png&quot; rel=&quot;apple-touch-icon&quot;/&gt;
  &lt;link href=&quot;manifest.json&quot; rel=&quot;manifest&quot;/&gt;
  &lt;title&gt;Selenium Grid&lt;/title&gt;
&lt;/head&gt;

&lt;body&gt;
  &lt;noscript&gt;You need to enable JavaScript to run this app.&lt;/noscript&gt;
  &lt;div id=&quot;root&quot;&gt;&lt;/div&gt;
  &lt;script src=&quot;index.js&quot;&gt;&lt;/script&gt;
&lt;/body&gt;

&lt;/html&gt;
 
Host info: host: &apos;Users-MacBook-Pro.local&apos;, ip: &apos;2401:4900:8819:1075:b9a1:83b3:3fa0:bda4%en0&apos;
	at org.openqa.selenium.remote.ProtocolHandshake.createSession(ProtocolHandshake.java:100)
	at org.openqa.selenium.remote.ProtocolHandshake.createSession(ProtocolHandshake.java:75)
	at org.openqa.selenium.remote.ProtocolHandshake.createSession(ProtocolHandshake.java:61)
	at org.openqa.selenium.remote.HttpCommandExecutor.execute(HttpCommandExecutor.java:162)
	at org.openqa.selenium.remote.TracedCommandExecutor.execute(TracedCommandExecutor.java:53)
	at org.openqa.selenium.remote.RemoteWebDriver.execute(RemoteWebDriver.java:545)
	at org.openqa.selenium.remote.RemoteWebDriver.startSession(RemoteWebDriver.java:245)
	at org.openqa.selenium.remote.RemoteWebDriver.&lt;init&gt;(RemoteWebDriver.java:174)
	at org.openqa.selenium.remote.RemoteWebDriver.&lt;init&gt;(RemoteWebDriver.java:152)
	at testBase.BaseClass.setup(BaseClass.java:72)
	at java.base/java.util.ArrayList.forEach(ArrayList.java:1596)
Caused by: org.openqa.selenium.json.JsonException: Unable to parse: &lt;!DOCTYPE html&gt;
&lt;html lang=&quot;en&quot;&gt;

&lt;head&gt;
  &lt;meta charset=&quot;utf-8&quot;/&gt;
  &lt;link href=&quot;favicon.svg&quot; rel=&quot;icon&quot; type=&quot;image/svg&quot;&gt;
  &lt;meta content=&quot;width=device-width, initial-scale=1&quot; name=&quot;viewport&quot;/&gt;
  &lt;link href=&quot;logo192.png&quot; rel=&quot;apple-touch-icon&quot;/&gt;
  &lt;link href=&quot;manifest.json&quot; rel=&quot;manifest&quot;/&gt;
  &lt;title&gt;Selenium Grid&lt;/title&gt;
&lt;/head&gt;

&lt;body&gt;
  &lt;noscript&gt;You need to enable JavaScript to run this app.&lt;/noscript&gt;
  &lt;div id=&quot;root&quot;&gt;&lt;/div&gt;
  &lt;script src=&quot;index.js&quot;&gt;&lt;/script&gt;
&lt;/body&gt;

&lt;/html&gt;

	at org.openqa.selenium.json.Json.toType(Json.java:169)
	at org.openqa.selenium.json.Json.toType(Json.java:152)
	at org.openqa.selenium.remote.ProtocolHandshake.createSession(ProtocolHandshake.java:96)
	... 33 more
Caused by: org.openqa.selenium.json.JsonException: Unable to determine type from: &lt;. Last 1 characters read: &lt;, next 128 characters to read: !DOCTYPE html&gt;
&lt;html lang=&quot;en&quot;&gt;

&lt;head&gt;
  &lt;meta charset=&quot;utf-8&quot;/&gt;
  &lt;link href=&quot;favicon.svg&quot; rel=&quot;icon&quot; type=&quot;image/svg&quot;&gt;
  &lt;met
Build info: version: &apos;4.27.0&apos;, revision: &apos;d6e718d134&apos;
System info: os.name: &apos;Mac OS X&apos;, os.arch: &apos;x86_64&apos;, os.version: &apos;15.1.1&apos;, java.version: &apos;21.0.5&apos;
Driver info: driver.version: RemoteWebDriver
	at org.openqa.selenium.json.JsonInput.peek(JsonInput.java:166)
	at org.openqa.selenium.json.JsonTypeCoercer.lambda$buildCoercer$6(JsonTypeCoercer.java:167)
	at org.openqa.selenium.json.JsonTypeCoercer.coerce(JsonTypeCoercer.java:146)
	at org.openqa.selenium.json.Json.toType(Json.java:206)
	at org.openqa.selenium.json.Json.toType(Json.java:167)
	... 35 more
... Removed 23 stack frames</pre></div><a href='#' onClick='toggleBox("stack-trace836782867", this, "Click to show all stack frames", "Click to hide stack frames")'>Click to show all stack frames</a>
<div class='stack-trace' id='stack-trace836782867'><pre>org.openqa.selenium.SessionNotCreatedException: Could not start a new session. Unable to parse remote response: &lt;!DOCTYPE html&gt;
&lt;html lang=&quot;en&quot;&gt;

&lt;head&gt;
  &lt;meta charset=&quot;utf-8&quot;/&gt;
  &lt;link href=&quot;favicon.svg&quot; rel=&quot;icon&quot; type=&quot;image/svg&quot;&gt;
  &lt;meta content=&quot;width=device-width, initial-scale=1&quot; name=&quot;viewport&quot;/&gt;
  &lt;link href=&quot;logo192.png&quot; rel=&quot;apple-touch-icon&quot;/&gt;
  &lt;link href=&quot;manifest.json&quot; rel=&quot;manifest&quot;/&gt;
  &lt;title&gt;Selenium Grid&lt;/title&gt;
&lt;/head&gt;

&lt;body&gt;
  &lt;noscript&gt;You need to enable JavaScript to run this app.&lt;/noscript&gt;
  &lt;div id=&quot;root&quot;&gt;&lt;/div&gt;
  &lt;script src=&quot;index.js&quot;&gt;&lt;/script&gt;
&lt;/body&gt;

&lt;/html&gt;
 
Host info: host: &apos;Users-MacBook-Pro.local&apos;, ip: &apos;2401:4900:8819:1075:b9a1:83b3:3fa0:bda4%en0&apos;
	at org.openqa.selenium.remote.ProtocolHandshake.createSession(ProtocolHandshake.java:100)
	at org.openqa.selenium.remote.ProtocolHandshake.createSession(ProtocolHandshake.java:75)
	at org.openqa.selenium.remote.ProtocolHandshake.createSession(ProtocolHandshake.java:61)
	at org.openqa.selenium.remote.HttpCommandExecutor.execute(HttpCommandExecutor.java:162)
	at org.openqa.selenium.remote.TracedCommandExecutor.execute(TracedCommandExecutor.java:53)
	at org.openqa.selenium.remote.RemoteWebDriver.execute(RemoteWebDriver.java:545)
	at org.openqa.selenium.remote.RemoteWebDriver.startSession(RemoteWebDriver.java:245)
	at org.openqa.selenium.remote.RemoteWebDriver.&lt;init&gt;(RemoteWebDriver.java:174)
	at org.openqa.selenium.remote.RemoteWebDriver.&lt;init&gt;(RemoteWebDriver.java:152)
	at testBase.BaseClass.setup(BaseClass.java:72)
	at java.base/jdk.internal.reflect.DirectMethodHandleAccessor.invoke(DirectMethodHandleAccessor.java:103)
	at java.base/java.lang.reflect.Method.invoke(Method.java:580)
	at org.testng.internal.invokers.MethodInvocationHelper.invokeMethod(MethodInvocationHelper.java:141)
	at org.testng.internal.invokers.MethodInvocationHelper.invokeMethodConsideringTimeout(MethodInvocationHelper.java:71)
	at org.testng.internal.invokers.ConfigInvoker.invokeConfigurationMethod(ConfigInvoker.java:400)
	at org.testng.internal.invokers.ConfigInvoker.invokeConfigurations(ConfigInvoker.java:333)
	at org.testng.internal.invokers.TestMethodWorker.invokeBeforeClassMethods(TestMethodWorker.java:188)
	at org.testng.internal.invokers.TestMethodWorker.run(TestMethodWorker.java:128)
	at java.base/java.util.ArrayList.forEach(ArrayList.java:1596)
	at org.testng.TestRunner.privateRun(TestRunner.java:739)
	at org.testng.TestRunner.run(TestRunner.java:614)
	at org.testng.SuiteRunner.runTest(SuiteRunner.java:421)
	at org.testng.SuiteRunner.runSequentially(SuiteRunner.java:413)
	at org.testng.SuiteRunner.privateRun(SuiteRunner.java:373)
	at org.testng.SuiteRunner.run(SuiteRunner.java:312)
	at org.testng.SuiteRunnerWorker.runSuite(SuiteRunnerWorker.java:52)
	at org.testng.SuiteRunnerWorker.run(SuiteRunnerWorker.java:95)
	at org.testng.TestNG.runSuitesSequentially(TestNG.java:1274)
	at org.testng.TestNG.runSuitesLocally(TestNG.java:1208)
	at org.testng.TestNG.runSuites(TestNG.java:1112)
	at org.testng.TestNG.run(TestNG.java:1079)
	at org.testng.remote.AbstractRemoteTestNG.run(AbstractRemoteTestNG.java:115)
	at org.testng.remote.RemoteTestNG.initAndRun(RemoteTestNG.java:293)
	at org.testng.remote.RemoteTestNG.main(RemoteTestNG.java:91)
Caused by: org.openqa.selenium.json.JsonException: Unable to parse: &lt;!DOCTYPE html&gt;
&lt;html lang=&quot;en&quot;&gt;

&lt;head&gt;
  &lt;meta charset=&quot;utf-8&quot;/&gt;
  &lt;link href=&quot;favicon.svg&quot; rel=&quot;icon&quot; type=&quot;image/svg&quot;&gt;
  &lt;meta content=&quot;width=device-width, initial-scale=1&quot; name=&quot;viewport&quot;/&gt;
  &lt;link href=&quot;logo192.png&quot; rel=&quot;apple-touch-icon&quot;/&gt;
  &lt;link href=&quot;manifest.json&quot; rel=&quot;manifest&quot;/&gt;
  &lt;title&gt;Selenium Grid&lt;/title&gt;
&lt;/head&gt;

&lt;body&gt;
  &lt;noscript&gt;You need to enable JavaScript to run this app.&lt;/noscript&gt;
  &lt;div id=&quot;root&quot;&gt;&lt;/div&gt;
  &lt;script src=&quot;index.js&quot;&gt;&lt;/script&gt;
&lt;/body&gt;

&lt;/html&gt;

	at org.openqa.selenium.json.Json.toType(Json.java:169)
	at org.openqa.selenium.json.Json.toType(Json.java:152)
	at org.openqa.selenium.remote.ProtocolHandshake.createSession(ProtocolHandshake.java:96)
	... 33 more
Caused by: org.openqa.selenium.json.JsonException: Unable to determine type from: &lt;. Last 1 characters read: &lt;, next 128 characters to read: !DOCTYPE html&gt;
&lt;html lang=&quot;en&quot;&gt;

&lt;head&gt;
  &lt;meta charset=&quot;utf-8&quot;/&gt;
  &lt;link href=&quot;favicon.svg&quot; rel=&quot;icon&quot; type=&quot;image/svg&quot;&gt;
  &lt;met
Build info: version: &apos;4.27.0&apos;, revision: &apos;d6e718d134&apos;
System info: os.name: &apos;Mac OS X&apos;, os.arch: &apos;x86_64&apos;, os.version: &apos;15.1.1&apos;, java.version: &apos;21.0.5&apos;
Driver info: driver.version: RemoteWebDriver
	at org.openqa.selenium.json.JsonInput.peek(JsonInput.java:166)
	at org.openqa.selenium.json.JsonTypeCoercer.lambda$buildCoercer$6(JsonTypeCoercer.java:167)
	at org.openqa.selenium.json.JsonTypeCoercer.coerce(JsonTypeCoercer.java:146)
	at org.openqa.selenium.json.Json.toType(Json.java:206)
	at org.openqa.selenium.json.Json.toType(Json.java:167)
	... 35 more
</pre></div></td>
<td>0</td>
<td>testCases.TC001_AccountRegistrationTest@47a5b70d</td></tr>
<tr>
<td title='testCases.TC002_LoginTest.verify_login()'><b>verify_login</b><br>Test class: testCases.TC002_LoginTest</td>
<td><div><pre>org.openqa.selenium.SessionNotCreatedException: Could not start a new session. Unable to parse remote response: &lt;!DOCTYPE html&gt;
&lt;html lang=&quot;en&quot;&gt;

&lt;head&gt;
  &lt;meta charset=&quot;utf-8&quot;/&gt;
  &lt;link href=&quot;favicon.svg&quot; rel=&quot;icon&quot; type=&quot;image/svg&quot;&gt;
  &lt;meta content=&quot;width=device-width, initial-scale=1&quot; name=&quot;viewport&quot;/&gt;
  &lt;link href=&quot;logo192.png&quot; rel=&quot;apple-touch-icon&quot;/&gt;
  &lt;link href=&quot;manifest.json&quot; rel=&quot;manifest&quot;/&gt;
  &lt;title&gt;Selenium Grid&lt;/title&gt;
&lt;/head&gt;

&lt;body&gt;
  &lt;noscript&gt;You need to enable JavaScript to run this app.&lt;/noscript&gt;
  &lt;div id=&quot;root&quot;&gt;&lt;/div&gt;
  &lt;script src=&quot;index.js&quot;&gt;&lt;/script&gt;
&lt;/body&gt;

&lt;/html&gt;
 
Host info: host: &apos;Users-MacBook-Pro.local&apos;, ip: &apos;2401:4900:8819:1075:b9a1:83b3:3fa0:bda4%en0&apos;
	at org.openqa.selenium.remote.ProtocolHandshake.createSession(ProtocolHandshake.java:100)
	at org.openqa.selenium.remote.ProtocolHandshake.createSession(ProtocolHandshake.java:75)
	at org.openqa.selenium.remote.ProtocolHandshake.createSession(ProtocolHandshake.java:61)
	at org.openqa.selenium.remote.HttpCommandExecutor.execute(HttpCommandExecutor.java:162)
	at org.openqa.selenium.remote.TracedCommandExecutor.execute(TracedCommandExecutor.java:53)
	at org.openqa.selenium.remote.RemoteWebDriver.execute(RemoteWebDriver.java:545)
	at org.openqa.selenium.remote.RemoteWebDriver.startSession(RemoteWebDriver.java:245)
	at org.openqa.selenium.remote.RemoteWebDriver.&lt;init&gt;(RemoteWebDriver.java:174)
	at org.openqa.selenium.remote.RemoteWebDriver.&lt;init&gt;(RemoteWebDriver.java:152)
	at testBase.BaseClass.setup(BaseClass.java:72)
	at java.base/java.util.ArrayList.forEach(ArrayList.java:1596)
Caused by: org.openqa.selenium.json.JsonException: Unable to parse: &lt;!DOCTYPE html&gt;
&lt;html lang=&quot;en&quot;&gt;

&lt;head&gt;
  &lt;meta charset=&quot;utf-8&quot;/&gt;
  &lt;link href=&quot;favicon.svg&quot; rel=&quot;icon&quot; type=&quot;image/svg&quot;&gt;
  &lt;meta content=&quot;width=device-width, initial-scale=1&quot; name=&quot;viewport&quot;/&gt;
  &lt;link href=&quot;logo192.png&quot; rel=&quot;apple-touch-icon&quot;/&gt;
  &lt;link href=&quot;manifest.json&quot; rel=&quot;manifest&quot;/&gt;
  &lt;title&gt;Selenium Grid&lt;/title&gt;
&lt;/head&gt;

&lt;body&gt;
  &lt;noscript&gt;You need to enable JavaScript to run this app.&lt;/noscript&gt;
  &lt;div id=&quot;root&quot;&gt;&lt;/div&gt;
  &lt;script src=&quot;index.js&quot;&gt;&lt;/script&gt;
&lt;/body&gt;

&lt;/html&gt;

	at org.openqa.selenium.json.Json.toType(Json.java:169)
	at org.openqa.selenium.json.Json.toType(Json.java:152)
	at org.openqa.selenium.remote.ProtocolHandshake.createSession(ProtocolHandshake.java:96)
	... 33 more
Caused by: org.openqa.selenium.json.JsonException: Unable to determine type from: &lt;. Last 1 characters read: &lt;, next 128 characters to read: !DOCTYPE html&gt;
&lt;html lang=&quot;en&quot;&gt;

&lt;head&gt;
  &lt;meta charset=&quot;utf-8&quot;/&gt;
  &lt;link href=&quot;favicon.svg&quot; rel=&quot;icon&quot; type=&quot;image/svg&quot;&gt;
  &lt;met
Build info: version: &apos;4.27.0&apos;, revision: &apos;d6e718d134&apos;
System info: os.name: &apos;Mac OS X&apos;, os.arch: &apos;x86_64&apos;, os.version: &apos;15.1.1&apos;, java.version: &apos;21.0.5&apos;
Driver info: driver.version: RemoteWebDriver
	at org.openqa.selenium.json.JsonInput.peek(JsonInput.java:166)
	at org.openqa.selenium.json.JsonTypeCoercer.lambda$buildCoercer$6(JsonTypeCoercer.java:167)
	at org.openqa.selenium.json.JsonTypeCoercer.coerce(JsonTypeCoercer.java:146)
	at org.openqa.selenium.json.Json.toType(Json.java:206)
	at org.openqa.selenium.json.Json.toType(Json.java:167)
	... 35 more
... Removed 23 stack frames</pre></div><a href='#' onClick='toggleBox("stack-trace157004450", this, "Click to show all stack frames", "Click to hide stack frames")'>Click to show all stack frames</a>
<div class='stack-trace' id='stack-trace157004450'><pre>org.openqa.selenium.SessionNotCreatedException: Could not start a new session. Unable to parse remote response: &lt;!DOCTYPE html&gt;
&lt;html lang=&quot;en&quot;&gt;

&lt;head&gt;
  &lt;meta charset=&quot;utf-8&quot;/&gt;
  &lt;link href=&quot;favicon.svg&quot; rel=&quot;icon&quot; type=&quot;image/svg&quot;&gt;
  &lt;meta content=&quot;width=device-width, initial-scale=1&quot; name=&quot;viewport&quot;/&gt;
  &lt;link href=&quot;logo192.png&quot; rel=&quot;apple-touch-icon&quot;/&gt;
  &lt;link href=&quot;manifest.json&quot; rel=&quot;manifest&quot;/&gt;
  &lt;title&gt;Selenium Grid&lt;/title&gt;
&lt;/head&gt;

&lt;body&gt;
  &lt;noscript&gt;You need to enable JavaScript to run this app.&lt;/noscript&gt;
  &lt;div id=&quot;root&quot;&gt;&lt;/div&gt;
  &lt;script src=&quot;index.js&quot;&gt;&lt;/script&gt;
&lt;/body&gt;

&lt;/html&gt;
 
Host info: host: &apos;Users-MacBook-Pro.local&apos;, ip: &apos;2401:4900:8819:1075:b9a1:83b3:3fa0:bda4%en0&apos;
	at org.openqa.selenium.remote.ProtocolHandshake.createSession(ProtocolHandshake.java:100)
	at org.openqa.selenium.remote.ProtocolHandshake.createSession(ProtocolHandshake.java:75)
	at org.openqa.selenium.remote.ProtocolHandshake.createSession(ProtocolHandshake.java:61)
	at org.openqa.selenium.remote.HttpCommandExecutor.execute(HttpCommandExecutor.java:162)
	at org.openqa.selenium.remote.TracedCommandExecutor.execute(TracedCommandExecutor.java:53)
	at org.openqa.selenium.remote.RemoteWebDriver.execute(RemoteWebDriver.java:545)
	at org.openqa.selenium.remote.RemoteWebDriver.startSession(RemoteWebDriver.java:245)
	at org.openqa.selenium.remote.RemoteWebDriver.&lt;init&gt;(RemoteWebDriver.java:174)
	at org.openqa.selenium.remote.RemoteWebDriver.&lt;init&gt;(RemoteWebDriver.java:152)
	at testBase.BaseClass.setup(BaseClass.java:72)
	at java.base/jdk.internal.reflect.DirectMethodHandleAccessor.invoke(DirectMethodHandleAccessor.java:103)
	at java.base/java.lang.reflect.Method.invoke(Method.java:580)
	at org.testng.internal.invokers.MethodInvocationHelper.invokeMethod(MethodInvocationHelper.java:141)
	at org.testng.internal.invokers.MethodInvocationHelper.invokeMethodConsideringTimeout(MethodInvocationHelper.java:71)
	at org.testng.internal.invokers.ConfigInvoker.invokeConfigurationMethod(ConfigInvoker.java:400)
	at org.testng.internal.invokers.ConfigInvoker.invokeConfigurations(ConfigInvoker.java:333)
	at org.testng.internal.invokers.TestMethodWorker.invokeBeforeClassMethods(TestMethodWorker.java:188)
	at org.testng.internal.invokers.TestMethodWorker.run(TestMethodWorker.java:128)
	at java.base/java.util.ArrayList.forEach(ArrayList.java:1596)
	at org.testng.TestRunner.privateRun(TestRunner.java:739)
	at org.testng.TestRunner.run(TestRunner.java:614)
	at org.testng.SuiteRunner.runTest(SuiteRunner.java:421)
	at org.testng.SuiteRunner.runSequentially(SuiteRunner.java:413)
	at org.testng.SuiteRunner.privateRun(SuiteRunner.java:373)
	at org.testng.SuiteRunner.run(SuiteRunner.java:312)
	at org.testng.SuiteRunnerWorker.runSuite(SuiteRunnerWorker.java:52)
	at org.testng.SuiteRunnerWorker.run(SuiteRunnerWorker.java:95)
	at org.testng.TestNG.runSuitesSequentially(TestNG.java:1274)
	at org.testng.TestNG.runSuitesLocally(TestNG.java:1208)
	at org.testng.TestNG.runSuites(TestNG.java:1112)
	at org.testng.TestNG.run(TestNG.java:1079)
	at org.testng.remote.AbstractRemoteTestNG.run(AbstractRemoteTestNG.java:115)
	at org.testng.remote.RemoteTestNG.initAndRun(RemoteTestNG.java:293)
	at org.testng.remote.RemoteTestNG.main(RemoteTestNG.java:91)
Caused by: org.openqa.selenium.json.JsonException: Unable to parse: &lt;!DOCTYPE html&gt;
&lt;html lang=&quot;en&quot;&gt;

&lt;head&gt;
  &lt;meta charset=&quot;utf-8&quot;/&gt;
  &lt;link href=&quot;favicon.svg&quot; rel=&quot;icon&quot; type=&quot;image/svg&quot;&gt;
  &lt;meta content=&quot;width=device-width, initial-scale=1&quot; name=&quot;viewport&quot;/&gt;
  &lt;link href=&quot;logo192.png&quot; rel=&quot;apple-touch-icon&quot;/&gt;
  &lt;link href=&quot;manifest.json&quot; rel=&quot;manifest&quot;/&gt;
  &lt;title&gt;Selenium Grid&lt;/title&gt;
&lt;/head&gt;

&lt;body&gt;
  &lt;noscript&gt;You need to enable JavaScript to run this app.&lt;/noscript&gt;
  &lt;div id=&quot;root&quot;&gt;&lt;/div&gt;
  &lt;script src=&quot;index.js&quot;&gt;&lt;/script&gt;
&lt;/body&gt;

&lt;/html&gt;

	at org.openqa.selenium.json.Json.toType(Json.java:169)
	at org.openqa.selenium.json.Json.toType(Json.java:152)
	at org.openqa.selenium.remote.ProtocolHandshake.createSession(ProtocolHandshake.java:96)
	... 33 more
Caused by: org.openqa.selenium.json.JsonException: Unable to determine type from: &lt;. Last 1 characters read: &lt;, next 128 characters to read: !DOCTYPE html&gt;
&lt;html lang=&quot;en&quot;&gt;

&lt;head&gt;
  &lt;meta charset=&quot;utf-8&quot;/&gt;
  &lt;link href=&quot;favicon.svg&quot; rel=&quot;icon&quot; type=&quot;image/svg&quot;&gt;
  &lt;met
Build info: version: &apos;4.27.0&apos;, revision: &apos;d6e718d134&apos;
System info: os.name: &apos;Mac OS X&apos;, os.arch: &apos;x86_64&apos;, os.version: &apos;15.1.1&apos;, java.version: &apos;21.0.5&apos;
Driver info: driver.version: RemoteWebDriver
	at org.openqa.selenium.json.JsonInput.peek(JsonInput.java:166)
	at org.openqa.selenium.json.JsonTypeCoercer.lambda$buildCoercer$6(JsonTypeCoercer.java:167)
	at org.openqa.selenium.json.JsonTypeCoercer.coerce(JsonTypeCoercer.java:146)
	at org.openqa.selenium.json.Json.toType(Json.java:206)
	at org.openqa.selenium.json.Json.toType(Json.java:167)
	... 35 more
</pre></div></td>
<td>0</td>
<td>testCases.TC002_LoginTest@38f116f6</td></tr>
</table><p>
</body>
</html>